{
    "C:\\Users\\Melike\\source\\Web Development\\Fullstackopen\\part5\\BlogListFrontEnd\\src\\App.jsx": {
        "path": "C:\\Users\\Melike\\source\\Web Development\\Fullstackopen\\part5\\BlogListFrontEnd\\src\\App.jsx",
        "all": true,
        "statementMap": {
            "0": {
                "start": { "line": 1, "column": 0 },
                "end": { "line": 1, "column": 51 }
            },
            "1": {
                "start": { "line": 2, "column": 0 },
                "end": { "line": 2, "column": 36 }
            },
            "2": {
                "start": { "line": 3, "column": 0 },
                "end": { "line": 3, "column": 42 }
            },
            "3": {
                "start": { "line": 4, "column": 0 },
                "end": { "line": 4, "column": 46 }
            },
            "4": {
                "start": { "line": 5, "column": 0 },
                "end": { "line": 5, "column": 52 }
            },
            "5": {
                "start": { "line": 6, "column": 0 },
                "end": { "line": 6, "column": 43 }
            },
            "6": {
                "start": { "line": 7, "column": 0 },
                "end": { "line": 7, "column": 50 }
            },
            "7": {
                "start": { "line": 8, "column": 0 },
                "end": { "line": 8, "column": 46 }
            },
            "8": {
                "start": { "line": 9, "column": 0 },
                "end": { "line": 9, "column": 19 }
            },
            "9": {
                "start": { "line": 10, "column": 0 },
                "end": { "line": 10, "column": 40 }
            },
            "10": {
                "start": { "line": 11, "column": 0 },
                "end": { "line": 11, "column": 46 }
            },
            "11": {
                "start": { "line": 12, "column": 0 },
                "end": { "line": 12, "column": 46 }
            },
            "12": {
                "start": { "line": 13, "column": 0 },
                "end": { "line": 13, "column": 40 }
            },
            "13": {
                "start": { "line": 14, "column": 0 },
                "end": { "line": 14, "column": 70 }
            },
            "15": {
                "start": { "line": 16, "column": 0 },
                "end": { "line": 16, "column": 19 }
            },
            "16": {
                "start": { "line": 17, "column": 0 },
                "end": { "line": 17, "column": 40 }
            },
            "17": {
                "start": { "line": 18, "column": 0 },
                "end": { "line": 18, "column": 68 }
            },
            "18": {
                "start": { "line": 19, "column": 0 },
                "end": { "line": 19, "column": 6 }
            },
            "19": {
                "start": { "line": 20, "column": 0 },
                "end": { "line": 20, "column": 8 }
            },
            "20": {
                "start": { "line": 21, "column": 0 },
                "end": { "line": 21, "column": 19 }
            },
            "21": {
                "start": { "line": 22, "column": 0 },
                "end": { "line": 22, "column": 70 }
            },
            "22": {
                "start": { "line": 23, "column": 0 },
                "end": { "line": 23, "column": 20 }
            },
            "23": {
                "start": { "line": 24, "column": 0 },
                "end": { "line": 24, "column": 40 }
            },
            "24": {
                "start": { "line": 25, "column": 0 },
                "end": { "line": 25, "column": 19 }
            },
            "25": {
                "start": { "line": 26, "column": 0 },
                "end": { "line": 26, "column": 38 }
            },
            "26": {
                "start": { "line": 27, "column": 0 },
                "end": { "line": 27, "column": 5 }
            },
            "27": {
                "start": { "line": 28, "column": 0 },
                "end": { "line": 28, "column": 8 }
            },
            "28": {
                "start": { "line": 29, "column": 0 },
                "end": { "line": 29, "column": 30 }
            },
            "29": {
                "start": { "line": 30, "column": 0 },
                "end": { "line": 30, "column": 44 }
            },
            "30": {
                "start": { "line": 31, "column": 0 },
                "end": { "line": 31, "column": 9 }
            },
            "31": {
                "start": { "line": 32, "column": 0 },
                "end": { "line": 32, "column": 44 }
            },
            "32": {
                "start": { "line": 33, "column": 0 },
                "end": { "line": 33, "column": 61 }
            },
            "33": {
                "start": { "line": 34, "column": 0 },
                "end": { "line": 34, "column": 36 }
            },
            "34": {
                "start": { "line": 35, "column": 0 },
                "end": { "line": 35, "column": 39 }
            },
            "35": {
                "start": { "line": 36, "column": 0 },
                "end": { "line": 36, "column": 117 }
            },
            "36": {
                "start": { "line": 37, "column": 0 },
                "end": { "line": 37, "column": 24 }
            },
            "37": {
                "start": { "line": 38, "column": 0 },
                "end": { "line": 38, "column": 36 }
            },
            "38": {
                "start": { "line": 39, "column": 0 },
                "end": { "line": 39, "column": 14 }
            },
            "39": {
                "start": { "line": 40, "column": 0 },
                "end": { "line": 40, "column": 17 }
            },
            "40": {
                "start": { "line": 41, "column": 0 },
                "end": { "line": 41, "column": 64 }
            },
            "41": {
                "start": { "line": 42, "column": 0 },
                "end": { "line": 42, "column": 24 }
            },
            "42": {
                "start": { "line": 43, "column": 0 },
                "end": { "line": 43, "column": 36 }
            },
            "43": {
                "start": { "line": 44, "column": 0 },
                "end": { "line": 44, "column": 14 }
            },
            "44": {
                "start": { "line": 45, "column": 0 },
                "end": { "line": 45, "column": 5 }
            },
            "45": {
                "start": { "line": 46, "column": 0 },
                "end": { "line": 46, "column": 3 }
            },
            "46": {
                "start": { "line": 47, "column": 0 },
                "end": { "line": 47, "column": 52 }
            },
            "47": {
                "start": { "line": 48, "column": 0 },
                "end": { "line": 48, "column": 9 }
            },
            "48": {
                "start": { "line": 49, "column": 0 },
                "end": { "line": 49, "column": 68 }
            },
            "49": {
                "start": { "line": 50, "column": 0 },
                "end": { "line": 50, "column": 50 }
            },
            "50": {
                "start": { "line": 51, "column": 0 },
                "end": { "line": 51, "column": 118 }
            },
            "51": {
                "start": { "line": 52, "column": 0 },
                "end": { "line": 52, "column": 17 }
            },
            "52": {
                "start": { "line": 53, "column": 0 },
                "end": { "line": 53, "column": 64 }
            },
            "53": {
                "start": { "line": 54, "column": 0 },
                "end": { "line": 54, "column": 24 }
            },
            "54": {
                "start": { "line": 55, "column": 0 },
                "end": { "line": 55, "column": 36 }
            },
            "55": {
                "start": { "line": 56, "column": 0 },
                "end": { "line": 56, "column": 14 }
            },
            "56": {
                "start": { "line": 57, "column": 0 },
                "end": { "line": 57, "column": 5 }
            },
            "57": {
                "start": { "line": 58, "column": 0 },
                "end": { "line": 58, "column": 3 }
            },
            "58": {
                "start": { "line": 59, "column": 0 },
                "end": { "line": 59, "column": 42 }
            },
            "59": {
                "start": { "line": 60, "column": 0 },
                "end": { "line": 60, "column": 9 }
            },
            "61": {
                "start": { "line": 62, "column": 0 },
                "end": { "line": 62, "column": 38 }
            },
            "62": {
                "start": { "line": 63, "column": 0 },
                "end": { "line": 63, "column": 91 }
            },
            "64": {
                "start": { "line": 65, "column": 0 },
                "end": { "line": 65, "column": 17 }
            },
            "65": {
                "start": { "line": 66, "column": 0 },
                "end": { "line": 66, "column": 64 }
            },
            "66": {
                "start": { "line": 67, "column": 0 },
                "end": { "line": 67, "column": 24 }
            },
            "67": {
                "start": { "line": 68, "column": 0 },
                "end": { "line": 68, "column": 36 }
            },
            "68": {
                "start": { "line": 69, "column": 0 },
                "end": { "line": 69, "column": 14 }
            },
            "69": {
                "start": { "line": 70, "column": 0 },
                "end": { "line": 70, "column": 5 }
            },
            "70": {
                "start": { "line": 71, "column": 0 },
                "end": { "line": 71, "column": 3 }
            },
            "71": {
                "start": { "line": 72, "column": 0 },
                "end": { "line": 72, "column": 40 }
            },
            "72": {
                "start": { "line": 73, "column": 0 },
                "end": { "line": 73, "column": 26 }
            },
            "73": {
                "start": { "line": 74, "column": 0 },
                "end": { "line": 74, "column": 9 }
            },
            "74": {
                "start": { "line": 75, "column": 0 },
                "end": { "line": 75, "column": 45 }
            },
            "75": {
                "start": { "line": 76, "column": 0 },
                "end": { "line": 76, "column": 26 }
            },
            "76": {
                "start": { "line": 77, "column": 0 },
                "end": { "line": 77, "column": 8 }
            },
            "77": {
                "start": { "line": 78, "column": 0 },
                "end": { "line": 78, "column": 34 }
            },
            "78": {
                "start": { "line": 79, "column": 0 },
                "end": { "line": 79, "column": 49 }
            },
            "79": {
                "start": { "line": 80, "column": 0 },
                "end": { "line": 80, "column": 7 }
            },
            "80": {
                "start": { "line": 81, "column": 0 },
                "end": { "line": 81, "column": 19 }
            },
            "81": {
                "start": { "line": 82, "column": 0 },
                "end": { "line": 82, "column": 38 }
            },
            "82": {
                "start": { "line": 83, "column": 0 },
                "end": { "line": 83, "column": 21 }
            },
            "83": {
                "start": { "line": 84, "column": 0 },
                "end": { "line": 84, "column": 21 }
            },
            "84": {
                "start": { "line": 85, "column": 0 },
                "end": { "line": 85, "column": 25 }
            },
            "85": {
                "start": { "line": 86, "column": 0 },
                "end": { "line": 86, "column": 74 }
            },
            "86": {
                "start": { "line": 87, "column": 0 },
                "end": { "line": 87, "column": 24 }
            },
            "87": {
                "start": { "line": 88, "column": 0 },
                "end": { "line": 88, "column": 36 }
            },
            "88": {
                "start": { "line": 89, "column": 0 },
                "end": { "line": 89, "column": 14 }
            },
            "89": {
                "start": { "line": 90, "column": 0 },
                "end": { "line": 90, "column": 5 }
            },
            "90": {
                "start": { "line": 91, "column": 0 },
                "end": { "line": 91, "column": 3 }
            },
            "91": {
                "start": { "line": 92, "column": 0 },
                "end": { "line": 92, "column": 22 }
            },
            "92": {
                "start": { "line": 93, "column": 0 },
                "end": { "line": 93, "column": 11 }
            },
            "93": {
                "start": { "line": 94, "column": 0 },
                "end": { "line": 94, "column": 11 }
            },
            "94": {
                "start": { "line": 95, "column": 0 },
                "end": { "line": 95, "column": 58 }
            },
            "95": {
                "start": { "line": 96, "column": 0 },
                "end": { "line": 96, "column": 18 }
            },
            "96": {
                "start": { "line": 97, "column": 0 },
                "end": { "line": 97, "column": 37 }
            },
            "97": {
                "start": { "line": 98, "column": 0 },
                "end": { "line": 98, "column": 76 }
            },
            "98": {
                "start": { "line": 99, "column": 0 },
                "end": { "line": 99, "column": 76 }
            },
            "99": {
                "start": { "line": 100, "column": 0 },
                "end": { "line": 100, "column": 31 }
            },
            "100": {
                "start": { "line": 101, "column": 0 },
                "end": { "line": 101, "column": 31 }
            },
            "101": {
                "start": { "line": 102, "column": 0 },
                "end": { "line": 102, "column": 10 }
            },
            "102": {
                "start": { "line": 103, "column": 0 },
                "end": { "line": 103, "column": 12 }
            },
            "104": {
                "start": { "line": 105, "column": 0 },
                "end": { "line": 105, "column": 3 }
            },
            "105": {
                "start": { "line": 106, "column": 0 },
                "end": { "line": 106, "column": 10 }
            },
            "107": {
                "start": { "line": 108, "column": 0 },
                "end": { "line": 108, "column": 9 }
            },
            "110": {
                "start": { "line": 111, "column": 0 },
                "end": { "line": 111, "column": 20 }
            },
            "111": {
                "start": { "line": 112, "column": 0 },
                "end": { "line": 112, "column": 56 }
            },
            "112": {
                "start": { "line": 113, "column": 0 },
                "end": { "line": 113, "column": 9 }
            },
            "113": {
                "start": { "line": 114, "column": 0 },
                "end": { "line": 114, "column": 29 }
            },
            "114": {
                "start": { "line": 115, "column": 0 },
                "end": { "line": 115, "column": 13 }
            },
            "115": {
                "start": { "line": 116, "column": 0 },
                "end": { "line": 116, "column": 39 }
            },
            "116": {
                "start": { "line": 117, "column": 0 },
                "end": { "line": 117, "column": 37 }
            },
            "117": {
                "start": { "line": 118, "column": 0 },
                "end": { "line": 118, "column": 23 }
            },
            "118": {
                "start": { "line": 119, "column": 0 },
                "end": { "line": 119, "column": 35 }
            },
            "119": {
                "start": { "line": 120, "column": 0 },
                "end": { "line": 120, "column": 10 }
            },
            "120": {
                "start": { "line": 121, "column": 0 },
                "end": { "line": 121, "column": 65 }
            },
            "121": {
                "start": { "line": 122, "column": 0 },
                "end": { "line": 122, "column": 54 }
            },
            "122": {
                "start": { "line": 123, "column": 0 },
                "end": { "line": 123, "column": 18 }
            },
            "123": {
                "start": { "line": 124, "column": 0 },
                "end": { "line": 124, "column": 11 }
            },
            "124": {
                "start": { "line": 125, "column": 0 },
                "end": { "line": 125, "column": 24 }
            },
            "125": {
                "start": { "line": 126, "column": 0 },
                "end": { "line": 126, "column": 168 }
            },
            "126": {
                "start": { "line": 127, "column": 0 },
                "end": { "line": 127, "column": 8 }
            },
            "127": {
                "start": { "line": 128, "column": 0 },
                "end": { "line": 128, "column": 10 }
            },
            "129": {
                "start": { "line": 130, "column": 0 },
                "end": { "line": 130, "column": 1 }
            },
            "131": {
                "start": { "line": 132, "column": 0 },
                "end": { "line": 132, "column": 18 }
            }
        },
        "s": {
            "0": 0,
            "1": 0,
            "2": 0,
            "3": 0,
            "4": 0,
            "5": 0,
            "6": 0,
            "7": 0,
            "8": 0,
            "9": 0,
            "10": 0,
            "11": 0,
            "12": 0,
            "13": 0,
            "15": 0,
            "16": 0,
            "17": 0,
            "18": 0,
            "19": 0,
            "20": 0,
            "21": 0,
            "22": 0,
            "23": 0,
            "24": 0,
            "25": 0,
            "26": 0,
            "27": 0,
            "28": 0,
            "29": 0,
            "30": 0,
            "31": 0,
            "32": 0,
            "33": 0,
            "34": 0,
            "35": 0,
            "36": 0,
            "37": 0,
            "38": 0,
            "39": 0,
            "40": 0,
            "41": 0,
            "42": 0,
            "43": 0,
            "44": 0,
            "45": 0,
            "46": 0,
            "47": 0,
            "48": 0,
            "49": 0,
            "50": 0,
            "51": 0,
            "52": 0,
            "53": 0,
            "54": 0,
            "55": 0,
            "56": 0,
            "57": 0,
            "58": 0,
            "59": 0,
            "61": 0,
            "62": 0,
            "64": 0,
            "65": 0,
            "66": 0,
            "67": 0,
            "68": 0,
            "69": 0,
            "70": 0,
            "71": 0,
            "72": 0,
            "73": 0,
            "74": 0,
            "75": 0,
            "76": 0,
            "77": 0,
            "78": 0,
            "79": 0,
            "80": 0,
            "81": 0,
            "82": 0,
            "83": 0,
            "84": 0,
            "85": 0,
            "86": 0,
            "87": 0,
            "88": 0,
            "89": 0,
            "90": 0,
            "91": 0,
            "92": 0,
            "93": 0,
            "94": 0,
            "95": 0,
            "96": 0,
            "97": 0,
            "98": 0,
            "99": 0,
            "100": 0,
            "101": 0,
            "102": 0,
            "104": 0,
            "105": 0,
            "107": 0,
            "110": 0,
            "111": 0,
            "112": 0,
            "113": 0,
            "114": 0,
            "115": 0,
            "116": 0,
            "117": 0,
            "118": 0,
            "119": 0,
            "120": 0,
            "121": 0,
            "122": 0,
            "123": 0,
            "124": 0,
            "125": 0,
            "126": 0,
            "127": 0,
            "129": 0,
            "131": 0
        },
        "branchMap": {
            "0": {
                "type": "branch",
                "line": 1,
                "loc": {
                    "start": { "line": 1, "column": 0 },
                    "end": { "line": 132, "column": -1120 }
                },
                "locations": [
                    {
                        "start": { "line": 1, "column": 0 },
                        "end": { "line": 132, "column": -1120 }
                    }
                ]
            }
        },
        "b": { "0": [0] },
        "fnMap": {
            "0": {
                "name": "(empty-report)",
                "decl": {
                    "start": { "line": 1, "column": 0 },
                    "end": { "line": 132, "column": -1120 }
                },
                "loc": {
                    "start": { "line": 1, "column": 0 },
                    "end": { "line": 132, "column": -1120 }
                },
                "line": 1
            }
        },
        "f": { "0": 0 }
    },
    "C:\\Users\\Melike\\source\\Web Development\\Fullstackopen\\part5\\BlogListFrontEnd\\src\\main.jsx": {
        "path": "C:\\Users\\Melike\\source\\Web Development\\Fullstackopen\\part5\\BlogListFrontEnd\\src\\main.jsx",
        "all": true,
        "statementMap": {
            "0": {
                "start": { "line": 1, "column": 0 },
                "end": { "line": 1, "column": 39 }
            },
            "1": {
                "start": { "line": 2, "column": 0 },
                "end": { "line": 2, "column": 23 }
            },
            "3": {
                "start": { "line": 4, "column": 0 },
                "end": { "line": 4, "column": 68 }
            }
        },
        "s": { "0": 0, "1": 0, "3": 0 },
        "branchMap": {
            "0": {
                "type": "branch",
                "line": 1,
                "loc": {
                    "start": { "line": 1, "column": 133 },
                    "end": { "line": 4, "column": 68 }
                },
                "locations": [
                    {
                        "start": { "line": 1, "column": 133 },
                        "end": { "line": 4, "column": 68 }
                    }
                ]
            }
        },
        "b": { "0": [0] },
        "fnMap": {
            "0": {
                "name": "(empty-report)",
                "decl": {
                    "start": { "line": 1, "column": 133 },
                    "end": { "line": 4, "column": 68 }
                },
                "loc": {
                    "start": { "line": 1, "column": 133 },
                    "end": { "line": 4, "column": 68 }
                },
                "line": 1
            }
        },
        "f": { "0": 0 }
    },
    "C:\\Users\\Melike\\source\\Web Development\\Fullstackopen\\part5\\BlogListFrontEnd\\src\\components\\Blog.jsx": {
        "path": "C:\\Users\\Melike\\source\\Web Development\\Fullstackopen\\part5\\BlogListFrontEnd\\src\\components\\Blog.jsx",
        "all": false,
        "statementMap": {
            "0": {
                "start": { "line": 1, "column": 0 },
                "end": { "line": 1, "column": 32 }
            },
            "1": {
                "start": { "line": 2, "column": 0 },
                "end": { "line": 2, "column": 85 }
            },
            "2": {
                "start": { "line": 3, "column": 0 },
                "end": { "line": 3, "column": 61 }
            },
            "4": {
                "start": { "line": 5, "column": 0 },
                "end": { "line": 5, "column": 69 }
            },
            "5": {
                "start": { "line": 6, "column": 0 },
                "end": { "line": 6, "column": 60 }
            },
            "6": {
                "start": { "line": 7, "column": 0 },
                "end": { "line": 7, "column": 98 }
            },
            "7": {
                "start": { "line": 8, "column": 0 },
                "end": { "line": 8, "column": 41 }
            },
            "8": {
                "start": { "line": 9, "column": 0 },
                "end": { "line": 9, "column": 38 }
            },
            "9": {
                "start": { "line": 10, "column": 0 },
                "end": { "line": 10, "column": 3 }
            },
            "10": {
                "start": { "line": 11, "column": 0 },
                "end": { "line": 11, "column": 31 }
            },
            "11": {
                "start": { "line": 12, "column": 0 },
                "end": { "line": 12, "column": 31 }
            },
            "12": {
                "start": { "line": 13, "column": 0 },
                "end": { "line": 13, "column": 26 }
            },
            "13": {
                "start": { "line": 14, "column": 0 },
                "end": { "line": 14, "column": 3 }
            },
            "14": {
                "start": { "line": 15, "column": 0 },
                "end": { "line": 15, "column": 34 }
            },
            "15": {
                "start": { "line": 16, "column": 0 },
                "end": { "line": 16, "column": 73 }
            },
            "16": {
                "start": { "line": 17, "column": 0 },
                "end": { "line": 17, "column": 31 }
            },
            "17": {
                "start": { "line": 18, "column": 0 },
                "end": { "line": 18, "column": 5 }
            },
            "19": {
                "start": { "line": 20, "column": 0 },
                "end": { "line": 20, "column": 3 }
            },
            "20": {
                "start": { "line": 21, "column": 0 },
                "end": { "line": 21, "column": 21 }
            },
            "21": {
                "start": { "line": 22, "column": 0 },
                "end": { "line": 22, "column": 19 }
            },
            "22": {
                "start": { "line": 23, "column": 0 },
                "end": { "line": 23, "column": 19 }
            },
            "23": {
                "start": { "line": 24, "column": 0 },
                "end": { "line": 24, "column": 20 }
            },
            "24": {
                "start": { "line": 25, "column": 0 },
                "end": { "line": 25, "column": 19 }
            },
            "25": {
                "start": { "line": 26, "column": 0 },
                "end": { "line": 26, "column": 19 }
            },
            "26": {
                "start": { "line": 27, "column": 0 },
                "end": { "line": 27, "column": 3 }
            },
            "27": {
                "start": { "line": 28, "column": 0 },
                "end": { "line": 28, "column": 22 }
            },
            "28": {
                "start": { "line": 29, "column": 0 },
                "end": { "line": 29, "column": 23 }
            },
            "29": {
                "start": { "line": 30, "column": 0 },
                "end": { "line": 30, "column": 3 }
            },
            "30": {
                "start": { "line": 31, "column": 0 },
                "end": { "line": 31, "column": 22 }
            },
            "31": {
                "start": { "line": 32, "column": 0 },
                "end": { "line": 32, "column": 22 }
            },
            "32": {
                "start": { "line": 33, "column": 0 },
                "end": { "line": 33, "column": 3 }
            },
            "33": {
                "start": { "line": 34, "column": 0 },
                "end": { "line": 34, "column": 10 }
            },
            "34": {
                "start": { "line": 35, "column": 0 },
                "end": { "line": 35, "column": 27 }
            },
            "35": {
                "start": { "line": 36, "column": 0 },
                "end": { "line": 36, "column": 137 }
            },
            "36": {
                "start": { "line": 37, "column": 0 },
                "end": { "line": 37, "column": 90 }
            },
            "37": {
                "start": { "line": 38, "column": 0 },
                "end": { "line": 38, "column": 141 }
            },
            "38": {
                "start": { "line": 39, "column": 0 },
                "end": { "line": 39, "column": 96 }
            },
            "39": {
                "start": { "line": 40, "column": 0 },
                "end": { "line": 40, "column": 96 }
            },
            "40": {
                "start": { "line": 41, "column": 0 },
                "end": { "line": 41, "column": 99 }
            },
            "41": {
                "start": { "line": 42, "column": 0 },
                "end": { "line": 42, "column": 10 }
            },
            "44": {
                "start": { "line": 45, "column": 0 },
                "end": { "line": 45, "column": 1 }
            },
            "46": {
                "start": { "line": 47, "column": 0 },
                "end": { "line": 47, "column": 19 }
            }
        },
        "s": {
            "0": 1,
            "1": 1,
            "2": 5,
            "4": 5,
            "5": 5,
            "6": 5,
            "7": 5,
            "8": 2,
            "9": 2,
            "10": 5,
            "11": 2,
            "12": 2,
            "13": 2,
            "14": 5,
            "15": 0,
            "16": 0,
            "17": 0,
            "19": 0,
            "20": 5,
            "21": 5,
            "22": 5,
            "23": 5,
            "24": 5,
            "25": 5,
            "26": 5,
            "27": 5,
            "28": 5,
            "29": 5,
            "30": 5,
            "31": 5,
            "32": 5,
            "33": 5,
            "34": 5,
            "35": 5,
            "36": 5,
            "37": 5,
            "38": 5,
            "39": 5,
            "40": 5,
            "41": 5,
            "44": 5,
            "46": 1
        },
        "branchMap": {
            "0": {
                "type": "branch",
                "line": 2,
                "loc": {
                    "start": { "line": 2, "column": 13 },
                    "end": { "line": 45, "column": 1 }
                },
                "locations": [
                    {
                        "start": { "line": 2, "column": 13 },
                        "end": { "line": 45, "column": 1 }
                    }
                ]
            },
            "1": {
                "type": "branch",
                "line": 5,
                "loc": {
                    "start": { "line": 5, "column": 39 },
                    "end": { "line": 5, "column": 61 }
                },
                "locations": [
                    {
                        "start": { "line": 5, "column": 39 },
                        "end": { "line": 5, "column": 61 }
                    }
                ]
            },
            "2": {
                "type": "branch",
                "line": 5,
                "loc": {
                    "start": { "line": 5, "column": 56 },
                    "end": { "line": 5, "column": 68 }
                },
                "locations": [
                    {
                        "start": { "line": 5, "column": 56 },
                        "end": { "line": 5, "column": 68 }
                    }
                ]
            },
            "3": {
                "type": "branch",
                "line": 6,
                "loc": {
                    "start": { "line": 6, "column": 28 },
                    "end": { "line": 6, "column": 54 }
                },
                "locations": [
                    {
                        "start": { "line": 6, "column": 28 },
                        "end": { "line": 6, "column": 54 }
                    }
                ]
            },
            "4": {
                "type": "branch",
                "line": 6,
                "loc": {
                    "start": { "line": 6, "column": 45 },
                    "end": { "line": 6, "column": 60 }
                },
                "locations": [
                    {
                        "start": { "line": 6, "column": 45 },
                        "end": { "line": 6, "column": 60 }
                    }
                ]
            },
            "5": {
                "type": "branch",
                "line": 7,
                "loc": {
                    "start": { "line": 7, "column": 45 },
                    "end": { "line": 7, "column": 85 }
                },
                "locations": [
                    {
                        "start": { "line": 7, "column": 45 },
                        "end": { "line": 7, "column": 85 }
                    }
                ]
            },
            "6": {
                "type": "branch",
                "line": 7,
                "loc": {
                    "start": { "line": 7, "column": 63 },
                    "end": { "line": 7, "column": 90 }
                },
                "locations": [
                    {
                        "start": { "line": 7, "column": 63 },
                        "end": { "line": 7, "column": 90 }
                    }
                ]
            },
            "7": {
                "type": "branch",
                "line": 8,
                "loc": {
                    "start": { "line": 8, "column": 34 },
                    "end": { "line": 10, "column": 3 }
                },
                "locations": [
                    {
                        "start": { "line": 8, "column": 34 },
                        "end": { "line": 10, "column": 3 }
                    }
                ]
            },
            "8": {
                "type": "branch",
                "line": 11,
                "loc": {
                    "start": { "line": 11, "column": 24 },
                    "end": { "line": 14, "column": 3 }
                },
                "locations": [
                    {
                        "start": { "line": 11, "column": 24 },
                        "end": { "line": 14, "column": 3 }
                    }
                ]
            }
        },
        "b": {
            "0": [5],
            "1": [2],
            "2": [3],
            "3": [2],
            "4": [3],
            "5": [2],
            "6": [0],
            "7": [2],
            "8": [2]
        },
        "fnMap": {
            "0": {
                "name": "Blog",
                "decl": {
                    "start": { "line": 2, "column": 13 },
                    "end": { "line": 45, "column": 1 }
                },
                "loc": {
                    "start": { "line": 2, "column": 13 },
                    "end": { "line": 45, "column": 1 }
                },
                "line": 2
            },
            "1": {
                "name": "toggleDetailsVisibility",
                "decl": {
                    "start": { "line": 8, "column": 34 },
                    "end": { "line": 10, "column": 3 }
                },
                "loc": {
                    "start": { "line": 8, "column": 34 },
                    "end": { "line": 10, "column": 3 }
                },
                "line": 8
            },
            "2": {
                "name": "handleLikeBlog",
                "decl": {
                    "start": { "line": 11, "column": 24 },
                    "end": { "line": 14, "column": 3 }
                },
                "loc": {
                    "start": { "line": 11, "column": 24 },
                    "end": { "line": 14, "column": 3 }
                },
                "line": 11
            },
            "3": {
                "name": "handleRemoveBlog",
                "decl": {
                    "start": { "line": 15, "column": 27 },
                    "end": { "line": 20, "column": 3 }
                },
                "loc": {
                    "start": { "line": 15, "column": 27 },
                    "end": { "line": 20, "column": 3 }
                },
                "line": 15
            }
        },
        "f": { "0": 5, "1": 2, "2": 2, "3": 0 }
    },
    "C:\\Users\\Melike\\source\\Web Development\\Fullstackopen\\part5\\BlogListFrontEnd\\src\\components\\LoginForm.jsx": {
        "path": "C:\\Users\\Melike\\source\\Web Development\\Fullstackopen\\part5\\BlogListFrontEnd\\src\\components\\LoginForm.jsx",
        "all": true,
        "statementMap": {
            "0": {
                "start": { "line": 1, "column": 0 },
                "end": { "line": 1, "column": 34 }
            },
            "1": {
                "start": { "line": 2, "column": 0 },
                "end": { "line": 2, "column": 27 }
            },
            "2": {
                "start": { "line": 3, "column": 0 },
                "end": { "line": 3, "column": 9 }
            },
            "4": {
                "start": { "line": 5, "column": 0 },
                "end": { "line": 5, "column": 9 }
            },
            "5": {
                "start": { "line": 6, "column": 0 },
                "end": { "line": 6, "column": 27 }
            },
            "6": {
                "start": { "line": 7, "column": 0 },
                "end": { "line": 7, "column": 41 }
            },
            "7": {
                "start": { "line": 8, "column": 0 },
                "end": { "line": 8, "column": 13 }
            },
            "9": {
                "start": { "line": 10, "column": 0 },
                "end": { "line": 10, "column": 16 }
            },
            "10": {
                "start": { "line": 11, "column": 0 },
                "end": { "line": 11, "column": 23 }
            },
            "11": {
                "start": { "line": 12, "column": 0 },
                "end": { "line": 12, "column": 34 }
            },
            "12": {
                "start": { "line": 13, "column": 0 },
                "end": { "line": 13, "column": 27 }
            },
            "13": {
                "start": { "line": 14, "column": 0 },
                "end": { "line": 14, "column": 51 }
            },
            "14": {
                "start": { "line": 15, "column": 0 },
                "end": { "line": 15, "column": 14 }
            },
            "15": {
                "start": { "line": 16, "column": 0 },
                "end": { "line": 16, "column": 13 }
            },
            "17": {
                "start": { "line": 18, "column": 0 },
                "end": { "line": 18, "column": 16 }
            },
            "18": {
                "start": { "line": 19, "column": 0 },
                "end": { "line": 19, "column": 23 }
            },
            "19": {
                "start": { "line": 20, "column": 0 },
                "end": { "line": 20, "column": 34 }
            },
            "20": {
                "start": { "line": 21, "column": 0 },
                "end": { "line": 21, "column": 27 }
            },
            "21": {
                "start": { "line": 22, "column": 0 },
                "end": { "line": 22, "column": 51 }
            },
            "22": {
                "start": { "line": 23, "column": 0 },
                "end": { "line": 23, "column": 14 }
            },
            "23": {
                "start": { "line": 24, "column": 0 },
                "end": { "line": 24, "column": 44 }
            },
            "24": {
                "start": { "line": 25, "column": 0 },
                "end": { "line": 25, "column": 13 }
            },
            "27": {
                "start": { "line": 28, "column": 0 },
                "end": { "line": 28, "column": 10 }
            },
            "29": {
                "start": { "line": 30, "column": 0 },
                "end": { "line": 30, "column": 1 }
            },
            "30": {
                "start": { "line": 31, "column": 0 },
                "end": { "line": 31, "column": 23 }
            },
            "31": {
                "start": { "line": 32, "column": 0 },
                "end": { "line": 32, "column": 41 }
            },
            "32": {
                "start": { "line": 33, "column": 0 },
                "end": { "line": 33, "column": 50 }
            },
            "33": {
                "start": { "line": 34, "column": 0 },
                "end": { "line": 34, "column": 50 }
            },
            "34": {
                "start": { "line": 35, "column": 0 },
                "end": { "line": 35, "column": 40 }
            },
            "35": {
                "start": { "line": 36, "column": 0 },
                "end": { "line": 36, "column": 39 }
            },
            "36": {
                "start": { "line": 37, "column": 0 },
                "end": { "line": 37, "column": 1 }
            },
            "37": {
                "start": { "line": 38, "column": 0 },
                "end": { "line": 38, "column": 24 }
            }
        },
        "s": {
            "0": 0,
            "1": 0,
            "2": 0,
            "4": 0,
            "5": 0,
            "6": 0,
            "7": 0,
            "9": 0,
            "10": 0,
            "11": 0,
            "12": 0,
            "13": 0,
            "14": 0,
            "15": 0,
            "17": 0,
            "18": 0,
            "19": 0,
            "20": 0,
            "21": 0,
            "22": 0,
            "23": 0,
            "24": 0,
            "27": 0,
            "29": 0,
            "30": 0,
            "31": 0,
            "32": 0,
            "33": 0,
            "34": 0,
            "35": 0,
            "36": 0,
            "37": 0
        },
        "branchMap": {
            "0": {
                "type": "branch",
                "line": 1,
                "loc": {
                    "start": { "line": 1, "column": 0 },
                    "end": { "line": 38, "column": -640 }
                },
                "locations": [
                    {
                        "start": { "line": 1, "column": 0 },
                        "end": { "line": 38, "column": -640 }
                    }
                ]
            }
        },
        "b": { "0": [0] },
        "fnMap": {
            "0": {
                "name": "(empty-report)",
                "decl": {
                    "start": { "line": 1, "column": 0 },
                    "end": { "line": 38, "column": -640 }
                },
                "loc": {
                    "start": { "line": 1, "column": 0 },
                    "end": { "line": 38, "column": -640 }
                },
                "line": 1
            }
        },
        "f": { "0": 0 }
    },
    "C:\\Users\\Melike\\source\\Web Development\\Fullstackopen\\part5\\BlogListFrontEnd\\src\\components\\NewBlogForm.jsx": {
        "path": "C:\\Users\\Melike\\source\\Web Development\\Fullstackopen\\part5\\BlogListFrontEnd\\src\\components\\NewBlogForm.jsx",
        "all": false,
        "statementMap": {
            "0": {
                "start": { "line": 1, "column": 0 },
                "end": { "line": 1, "column": 32 }
            },
            "2": {
                "start": { "line": 3, "column": 0 },
                "end": { "line": 3, "column": 29 }
            },
            "3": {
                "start": { "line": 4, "column": 0 },
                "end": { "line": 4, "column": 40 }
            },
            "4": {
                "start": { "line": 5, "column": 0 },
                "end": { "line": 5, "column": 42 }
            },
            "5": {
                "start": { "line": 6, "column": 0 },
                "end": { "line": 6, "column": 36 }
            },
            "6": {
                "start": { "line": 7, "column": 0 },
                "end": { "line": 7, "column": 30 }
            },
            "7": {
                "start": { "line": 8, "column": 0 },
                "end": { "line": 8, "column": 26 }
            },
            "8": {
                "start": { "line": 9, "column": 0 },
                "end": { "line": 9, "column": 59 }
            },
            "9": {
                "start": { "line": 10, "column": 0 },
                "end": { "line": 10, "column": 32 }
            },
            "10": {
                "start": { "line": 11, "column": 0 },
                "end": { "line": 11, "column": 16 }
            },
            "11": {
                "start": { "line": 12, "column": 0 },
                "end": { "line": 12, "column": 17 }
            },
            "12": {
                "start": { "line": 13, "column": 0 },
                "end": { "line": 13, "column": 14 }
            },
            "13": {
                "start": { "line": 14, "column": 0 },
                "end": { "line": 14, "column": 3 }
            },
            "14": {
                "start": { "line": 15, "column": 0 },
                "end": { "line": 15, "column": 9 }
            },
            "16": {
                "start": { "line": 17, "column": 0 },
                "end": { "line": 17, "column": 9 }
            },
            "17": {
                "start": { "line": 18, "column": 0 },
                "end": { "line": 18, "column": 25 }
            },
            "18": {
                "start": { "line": 19, "column": 0 },
                "end": { "line": 19, "column": 31 }
            },
            "19": {
                "start": { "line": 20, "column": 0 },
                "end": { "line": 20, "column": 13 }
            },
            "21": {
                "start": { "line": 22, "column": 0 },
                "end": { "line": 22, "column": 16 }
            },
            "22": {
                "start": { "line": 23, "column": 0 },
                "end": { "line": 23, "column": 23 }
            },
            "23": {
                "start": { "line": 24, "column": 0 },
                "end": { "line": 24, "column": 25 }
            },
            "24": {
                "start": { "line": 25, "column": 0 },
                "end": { "line": 25, "column": 24 }
            },
            "25": {
                "start": { "line": 26, "column": 0 },
                "end": { "line": 26, "column": 31 }
            },
            "26": {
                "start": { "line": 27, "column": 0 },
                "end": { "line": 27, "column": 64 }
            },
            "27": {
                "start": { "line": 28, "column": 0 },
                "end": { "line": 28, "column": 14 }
            },
            "28": {
                "start": { "line": 29, "column": 0 },
                "end": { "line": 29, "column": 13 }
            },
            "30": {
                "start": { "line": 31, "column": 0 },
                "end": { "line": 31, "column": 16 }
            },
            "31": {
                "start": { "line": 32, "column": 0 },
                "end": { "line": 32, "column": 23 }
            },
            "32": {
                "start": { "line": 33, "column": 0 },
                "end": { "line": 33, "column": 26 }
            },
            "33": {
                "start": { "line": 34, "column": 0 },
                "end": { "line": 34, "column": 25 }
            },
            "34": {
                "start": { "line": 35, "column": 0 },
                "end": { "line": 35, "column": 32 }
            },
            "35": {
                "start": { "line": 36, "column": 0 },
                "end": { "line": 36, "column": 65 }
            },
            "36": {
                "start": { "line": 37, "column": 0 },
                "end": { "line": 37, "column": 14 }
            },
            "37": {
                "start": { "line": 38, "column": 0 },
                "end": { "line": 38, "column": 13 }
            },
            "39": {
                "start": { "line": 40, "column": 0 },
                "end": { "line": 40, "column": 16 }
            },
            "40": {
                "start": { "line": 41, "column": 0 },
                "end": { "line": 41, "column": 23 }
            },
            "41": {
                "start": { "line": 42, "column": 0 },
                "end": { "line": 42, "column": 23 }
            },
            "42": {
                "start": { "line": 43, "column": 0 },
                "end": { "line": 43, "column": 22 }
            },
            "43": {
                "start": { "line": 44, "column": 0 },
                "end": { "line": 44, "column": 29 }
            },
            "44": {
                "start": { "line": 45, "column": 0 },
                "end": { "line": 45, "column": 62 }
            },
            "45": {
                "start": { "line": 46, "column": 0 },
                "end": { "line": 46, "column": 14 }
            },
            "46": {
                "start": { "line": 47, "column": 0 },
                "end": { "line": 47, "column": 45 }
            },
            "47": {
                "start": { "line": 48, "column": 0 },
                "end": { "line": 48, "column": 13 }
            },
            "50": {
                "start": { "line": 51, "column": 0 },
                "end": { "line": 51, "column": 10 }
            },
            "52": {
                "start": { "line": 53, "column": 0 },
                "end": { "line": 53, "column": 1 }
            },
            "53": {
                "start": { "line": 54, "column": 0 },
                "end": { "line": 54, "column": 26 }
            }
        },
        "s": {
            "0": 1,
            "2": 40,
            "3": 40,
            "4": 40,
            "5": 40,
            "6": 40,
            "7": 1,
            "8": 1,
            "9": 1,
            "10": 1,
            "11": 1,
            "12": 1,
            "13": 1,
            "14": 40,
            "16": 40,
            "17": 40,
            "18": 40,
            "19": 40,
            "21": 40,
            "22": 40,
            "23": 40,
            "24": 40,
            "25": 40,
            "26": 40,
            "27": 40,
            "28": 40,
            "30": 40,
            "31": 40,
            "32": 40,
            "33": 40,
            "34": 40,
            "35": 40,
            "36": 40,
            "37": 40,
            "39": 40,
            "40": 40,
            "41": 40,
            "42": 40,
            "43": 40,
            "44": 40,
            "45": 40,
            "46": 40,
            "47": 40,
            "50": 40,
            "52": 40,
            "53": 1
        },
        "branchMap": {
            "0": {
                "type": "branch",
                "line": 3,
                "loc": {
                    "start": { "line": 3, "column": 0 },
                    "end": { "line": 53, "column": 1 }
                },
                "locations": [
                    {
                        "start": { "line": 3, "column": 0 },
                        "end": { "line": 53, "column": 1 }
                    }
                ]
            },
            "1": {
                "type": "branch",
                "line": 7,
                "loc": {
                    "start": { "line": 7, "column": 18 },
                    "end": { "line": 14, "column": 3 }
                },
                "locations": [
                    {
                        "start": { "line": 7, "column": 18 },
                        "end": { "line": 14, "column": 3 }
                    }
                ]
            },
            "2": {
                "type": "branch",
                "line": 27,
                "loc": {
                    "start": { "line": 27, "column": 22 },
                    "end": { "line": 27, "column": 62 }
                },
                "locations": [
                    {
                        "start": { "line": 27, "column": 22 },
                        "end": { "line": 27, "column": 62 }
                    }
                ]
            },
            "3": {
                "type": "branch",
                "line": 36,
                "loc": {
                    "start": { "line": 36, "column": 22 },
                    "end": { "line": 36, "column": 63 }
                },
                "locations": [
                    {
                        "start": { "line": 36, "column": 22 },
                        "end": { "line": 36, "column": 63 }
                    }
                ]
            },
            "4": {
                "type": "branch",
                "line": 45,
                "loc": {
                    "start": { "line": 45, "column": 22 },
                    "end": { "line": 45, "column": 60 }
                },
                "locations": [
                    {
                        "start": { "line": 45, "column": 22 },
                        "end": { "line": 45, "column": 60 }
                    }
                ]
            }
        },
        "b": { "0": [40], "1": [1], "2": [13], "3": [14], "4": [11] },
        "fnMap": {
            "0": {
                "name": "NewBlogForm",
                "decl": {
                    "start": { "line": 3, "column": 0 },
                    "end": { "line": 53, "column": 1 }
                },
                "loc": {
                    "start": { "line": 3, "column": 0 },
                    "end": { "line": 53, "column": 1 }
                },
                "line": 3
            },
            "1": {
                "name": "addBlog",
                "decl": {
                    "start": { "line": 7, "column": 18 },
                    "end": { "line": 14, "column": 3 }
                },
                "loc": {
                    "start": { "line": 7, "column": 18 },
                    "end": { "line": 14, "column": 3 }
                },
                "line": 7
            },
            "2": {
                "name": "onChange",
                "decl": {
                    "start": { "line": 27, "column": 22 },
                    "end": { "line": 27, "column": 62 }
                },
                "loc": {
                    "start": { "line": 27, "column": 22 },
                    "end": { "line": 27, "column": 62 }
                },
                "line": 27
            },
            "3": {
                "name": "onChange",
                "decl": {
                    "start": { "line": 36, "column": 22 },
                    "end": { "line": 36, "column": 63 }
                },
                "loc": {
                    "start": { "line": 36, "column": 22 },
                    "end": { "line": 36, "column": 63 }
                },
                "line": 36
            },
            "4": {
                "name": "onChange",
                "decl": {
                    "start": { "line": 45, "column": 22 },
                    "end": { "line": 45, "column": 60 }
                },
                "loc": {
                    "start": { "line": 45, "column": 22 },
                    "end": { "line": 45, "column": 60 }
                },
                "line": 45
            }
        },
        "f": { "0": 40, "1": 1, "2": 13, "3": 14, "4": 11 }
    },
    "C:\\Users\\Melike\\source\\Web Development\\Fullstackopen\\part5\\BlogListFrontEnd\\src\\components\\Notification.jsx": {
        "path": "C:\\Users\\Melike\\source\\Web Development\\Fullstackopen\\part5\\BlogListFrontEnd\\src\\components\\Notification.jsx",
        "all": true,
        "statementMap": {
            "0": {
                "start": { "line": 1, "column": 0 },
                "end": { "line": 1, "column": 44 }
            },
            "1": {
                "start": { "line": 2, "column": 0 },
                "end": { "line": 2, "column": 21 }
            },
            "2": {
                "start": { "line": 3, "column": 0 },
                "end": { "line": 3, "column": 19 }
            },
            "3": {
                "start": { "line": 4, "column": 0 },
                "end": { "line": 4, "column": 28 }
            },
            "4": {
                "start": { "line": 5, "column": 0 },
                "end": { "line": 5, "column": 17 }
            },
            "5": {
                "start": { "line": 6, "column": 0 },
                "end": { "line": 6, "column": 15 }
            },
            "6": {
                "start": { "line": 7, "column": 0 },
                "end": { "line": 7, "column": 20 }
            },
            "7": {
                "start": { "line": 8, "column": 0 },
                "end": { "line": 8, "column": 24 }
            },
            "8": {
                "start": { "line": 9, "column": 0 },
                "end": { "line": 9, "column": 19 }
            },
            "10": {
                "start": { "line": 11, "column": 0 },
                "end": { "line": 11, "column": 3 }
            },
            "11": {
                "start": { "line": 12, "column": 0 },
                "end": { "line": 12, "column": 22 }
            },
            "12": {
                "start": { "line": 13, "column": 0 },
                "end": { "line": 13, "column": 17 }
            },
            "13": {
                "start": { "line": 14, "column": 0 },
                "end": { "line": 14, "column": 28 }
            },
            "14": {
                "start": { "line": 15, "column": 0 },
                "end": { "line": 15, "column": 17 }
            },
            "15": {
                "start": { "line": 16, "column": 0 },
                "end": { "line": 16, "column": 15 }
            },
            "16": {
                "start": { "line": 17, "column": 0 },
                "end": { "line": 17, "column": 20 }
            },
            "17": {
                "start": { "line": 18, "column": 0 },
                "end": { "line": 18, "column": 24 }
            },
            "18": {
                "start": { "line": 19, "column": 0 },
                "end": { "line": 19, "column": 19 }
            },
            "19": {
                "start": { "line": 20, "column": 0 },
                "end": { "line": 20, "column": 3 }
            },
            "20": {
                "start": { "line": 21, "column": 0 },
                "end": { "line": 21, "column": 30 }
            },
            "21": {
                "start": { "line": 22, "column": 0 },
                "end": { "line": 22, "column": 15 }
            },
            "22": {
                "start": { "line": 23, "column": 0 },
                "end": { "line": 23, "column": 3 }
            },
            "23": {
                "start": { "line": 24, "column": 0 },
                "end": { "line": 24, "column": 69 }
            },
            "26": {
                "start": { "line": 27, "column": 0 },
                "end": { "line": 27, "column": 10 }
            },
            "27": {
                "start": { "line": 28, "column": 0 },
                "end": { "line": 28, "column": 23 }
            },
            "28": {
                "start": { "line": 29, "column": 0 },
                "end": { "line": 29, "column": 28 }
            },
            "29": {
                "start": { "line": 30, "column": 0 },
                "end": { "line": 30, "column": 10 }
            },
            "31": {
                "start": { "line": 32, "column": 0 },
                "end": { "line": 32, "column": 1 }
            },
            "32": {
                "start": { "line": 33, "column": 0 },
                "end": { "line": 33, "column": 27 }
            }
        },
        "s": {
            "0": 0,
            "1": 0,
            "2": 0,
            "3": 0,
            "4": 0,
            "5": 0,
            "6": 0,
            "7": 0,
            "8": 0,
            "10": 0,
            "11": 0,
            "12": 0,
            "13": 0,
            "14": 0,
            "15": 0,
            "16": 0,
            "17": 0,
            "18": 0,
            "19": 0,
            "20": 0,
            "21": 0,
            "22": 0,
            "23": 0,
            "26": 0,
            "27": 0,
            "28": 0,
            "29": 0,
            "31": 0,
            "32": 0
        },
        "branchMap": {
            "0": {
                "type": "branch",
                "line": 1,
                "loc": {
                    "start": { "line": 1, "column": 0 },
                    "end": { "line": 33, "column": -95 }
                },
                "locations": [
                    {
                        "start": { "line": 1, "column": 0 },
                        "end": { "line": 33, "column": -95 }
                    }
                ]
            }
        },
        "b": { "0": [0] },
        "fnMap": {
            "0": {
                "name": "(empty-report)",
                "decl": {
                    "start": { "line": 1, "column": 0 },
                    "end": { "line": 33, "column": -95 }
                },
                "loc": {
                    "start": { "line": 1, "column": 0 },
                    "end": { "line": 33, "column": -95 }
                },
                "line": 1
            }
        },
        "f": { "0": 0 }
    },
    "C:\\Users\\Melike\\source\\Web Development\\Fullstackopen\\part5\\BlogListFrontEnd\\src\\components\\Togglable.jsx": {
        "path": "C:\\Users\\Melike\\source\\Web Development\\Fullstackopen\\part5\\BlogListFrontEnd\\src\\components\\Togglable.jsx",
        "all": false,
        "statementMap": {
            "0": {
                "start": { "line": 1, "column": 0 },
                "end": { "line": 1, "column": 65 }
            },
            "1": {
                "start": { "line": 2, "column": 0 },
                "end": { "line": 2, "column": 34 }
            },
            "3": {
                "start": { "line": 4, "column": 0 },
                "end": { "line": 4, "column": 45 }
            },
            "4": {
                "start": { "line": 5, "column": 0 },
                "end": { "line": 5, "column": 47 }
            },
            "5": {
                "start": { "line": 6, "column": 0 },
                "end": { "line": 6, "column": 60 }
            },
            "6": {
                "start": { "line": 7, "column": 0 },
                "end": { "line": 7, "column": 60 }
            },
            "7": {
                "start": { "line": 8, "column": 0 },
                "end": { "line": 8, "column": 34 }
            },
            "8": {
                "start": { "line": 9, "column": 0 },
                "end": { "line": 9, "column": 24 }
            },
            "9": {
                "start": { "line": 10, "column": 0 },
                "end": { "line": 10, "column": 3 }
            },
            "10": {
                "start": { "line": 11, "column": 0 },
                "end": { "line": 11, "column": 34 }
            },
            "11": {
                "start": { "line": 12, "column": 0 },
                "end": { "line": 12, "column": 12 }
            },
            "12": {
                "start": { "line": 13, "column": 0 },
                "end": { "line": 13, "column": 22 }
            },
            "13": {
                "start": { "line": 14, "column": 0 },
                "end": { "line": 14, "column": 5 }
            },
            "14": {
                "start": { "line": 15, "column": 0 },
                "end": { "line": 15, "column": 4 }
            },
            "15": {
                "start": { "line": 16, "column": 0 },
                "end": { "line": 16, "column": 10 }
            },
            "16": {
                "start": { "line": 17, "column": 0 },
                "end": { "line": 17, "column": 9 }
            },
            "17": {
                "start": { "line": 18, "column": 0 },
                "end": { "line": 18, "column": 37 }
            },
            "18": {
                "start": { "line": 19, "column": 0 },
                "end": { "line": 19, "column": 73 }
            },
            "19": {
                "start": { "line": 20, "column": 0 },
                "end": { "line": 20, "column": 12 }
            },
            "20": {
                "start": { "line": 21, "column": 0 },
                "end": { "line": 21, "column": 66 }
            },
            "21": {
                "start": { "line": 22, "column": 0 },
                "end": { "line": 22, "column": 24 }
            },
            "22": {
                "start": { "line": 23, "column": 0 },
                "end": { "line": 23, "column": 58 }
            },
            "23": {
                "start": { "line": 24, "column": 0 },
                "end": { "line": 24, "column": 12 }
            },
            "24": {
                "start": { "line": 25, "column": 0 },
                "end": { "line": 25, "column": 10 }
            },
            "26": {
                "start": { "line": 27, "column": 0 },
                "end": { "line": 27, "column": 2 }
            },
            "27": {
                "start": { "line": 28, "column": 0 },
                "end": { "line": 28, "column": 35 }
            },
            "28": {
                "start": { "line": 29, "column": 0 },
                "end": { "line": 29, "column": 23 }
            },
            "29": {
                "start": { "line": 30, "column": 0 },
                "end": { "line": 30, "column": 42 }
            },
            "30": {
                "start": { "line": 31, "column": 0 },
                "end": { "line": 31, "column": 1 }
            },
            "31": {
                "start": { "line": 32, "column": 0 },
                "end": { "line": 32, "column": 24 }
            }
        },
        "s": {
            "0": 1,
            "1": 1,
            "3": 1,
            "4": 7,
            "5": 7,
            "6": 7,
            "7": 7,
            "8": 3,
            "9": 3,
            "10": 7,
            "11": 0,
            "12": 0,
            "13": 0,
            "14": 7,
            "15": 7,
            "16": 7,
            "17": 7,
            "18": 7,
            "19": 7,
            "20": 7,
            "21": 7,
            "22": 7,
            "23": 7,
            "24": 7,
            "26": 7,
            "27": 1,
            "28": 1,
            "29": 1,
            "30": 1,
            "31": 1
        },
        "branchMap": {
            "0": {
                "type": "branch",
                "line": 4,
                "loc": {
                    "start": { "line": 4, "column": 29 },
                    "end": { "line": 27, "column": 2 }
                },
                "locations": [
                    {
                        "start": { "line": 4, "column": 29 },
                        "end": { "line": 27, "column": 2 }
                    }
                ]
            },
            "1": {
                "type": "branch",
                "line": 6,
                "loc": {
                    "start": { "line": 6, "column": 37 },
                    "end": { "line": 6, "column": 56 }
                },
                "locations": [
                    {
                        "start": { "line": 6, "column": 37 },
                        "end": { "line": 6, "column": 56 }
                    }
                ]
            },
            "2": {
                "type": "branch",
                "line": 6,
                "loc": {
                    "start": { "line": 6, "column": 47 },
                    "end": { "line": 6, "column": 59 }
                },
                "locations": [
                    {
                        "start": { "line": 6, "column": 47 },
                        "end": { "line": 6, "column": 59 }
                    }
                ]
            },
            "3": {
                "type": "branch",
                "line": 7,
                "loc": {
                    "start": { "line": 7, "column": 37 },
                    "end": { "line": 7, "column": 52 }
                },
                "locations": [
                    {
                        "start": { "line": 7, "column": 37 },
                        "end": { "line": 7, "column": 52 }
                    }
                ]
            },
            "4": {
                "type": "branch",
                "line": 7,
                "loc": {
                    "start": { "line": 7, "column": 47 },
                    "end": { "line": 7, "column": 59 }
                },
                "locations": [
                    {
                        "start": { "line": 7, "column": 47 },
                        "end": { "line": 7, "column": 59 }
                    }
                ]
            },
            "5": {
                "type": "branch",
                "line": 8,
                "loc": {
                    "start": { "line": 8, "column": 27 },
                    "end": { "line": 10, "column": 3 }
                },
                "locations": [
                    {
                        "start": { "line": 8, "column": 27 },
                        "end": { "line": 10, "column": 3 }
                    }
                ]
            }
        },
        "b": { "0": [7], "1": [2], "2": [5], "3": [2], "4": [5], "5": [3] },
        "fnMap": {
            "0": {
                "name": "toggleVisibility",
                "decl": {
                    "start": { "line": 8, "column": 27 },
                    "end": { "line": 10, "column": 3 }
                },
                "loc": {
                    "start": { "line": 8, "column": 27 },
                    "end": { "line": 10, "column": 3 }
                },
                "line": 8
            }
        },
        "f": { "0": 3 }
    },
    "C:\\Users\\Melike\\source\\Web Development\\Fullstackopen\\part5\\BlogListFrontEnd\\src\\services\\blogs.js": {
        "path": "C:\\Users\\Melike\\source\\Web Development\\Fullstackopen\\part5\\BlogListFrontEnd\\src\\services\\blogs.js",
        "all": true,
        "statementMap": {
            "0": {
                "start": { "line": 1, "column": 0 },
                "end": { "line": 1, "column": 25 }
            },
            "1": {
                "start": { "line": 2, "column": 0 },
                "end": { "line": 2, "column": 28 }
            },
            "2": {
                "start": { "line": 3, "column": 0 },
                "end": { "line": 3, "column": 16 }
            },
            "3": {
                "start": { "line": 4, "column": 0 },
                "end": { "line": 4, "column": 30 }
            },
            "4": {
                "start": { "line": 5, "column": 0 },
                "end": { "line": 5, "column": 30 }
            },
            "5": {
                "start": { "line": 6, "column": 0 },
                "end": { "line": 6, "column": 1 }
            },
            "6": {
                "start": { "line": 7, "column": 0 },
                "end": { "line": 7, "column": 28 }
            },
            "7": {
                "start": { "line": 8, "column": 0 },
                "end": { "line": 8, "column": 43 }
            },
            "8": {
                "start": { "line": 9, "column": 0 },
                "end": { "line": 9, "column": 29 }
            },
            "9": {
                "start": { "line": 10, "column": 0 },
                "end": { "line": 10, "column": 28 }
            },
            "10": {
                "start": { "line": 11, "column": 0 },
                "end": { "line": 11, "column": 40 }
            },
            "11": {
                "start": { "line": 12, "column": 0 },
                "end": { "line": 12, "column": 4 }
            },
            "12": {
                "start": { "line": 13, "column": 0 },
                "end": { "line": 13, "column": 16 }
            },
            "13": {
                "start": { "line": 14, "column": 0 },
                "end": { "line": 14, "column": 1 }
            },
            "14": {
                "start": { "line": 15, "column": 0 },
                "end": { "line": 15, "column": 37 }
            },
            "15": {
                "start": { "line": 16, "column": 0 },
                "end": { "line": 16, "column": 18 }
            },
            "16": {
                "start": { "line": 17, "column": 0 },
                "end": { "line": 17, "column": 38 }
            },
            "17": {
                "start": { "line": 18, "column": 0 },
                "end": { "line": 18, "column": 3 }
            },
            "18": {
                "start": { "line": 19, "column": 0 },
                "end": { "line": 19, "column": 61 }
            },
            "19": {
                "start": { "line": 20, "column": 0 },
                "end": { "line": 20, "column": 23 }
            },
            "20": {
                "start": { "line": 21, "column": 0 },
                "end": { "line": 21, "column": 1 }
            },
            "21": {
                "start": { "line": 22, "column": 0 },
                "end": { "line": 22, "column": 44 }
            },
            "22": {
                "start": { "line": 23, "column": 0 },
                "end": { "line": 23, "column": 18 }
            },
            "23": {
                "start": { "line": 24, "column": 0 },
                "end": { "line": 24, "column": 38 }
            },
            "24": {
                "start": { "line": 25, "column": 0 },
                "end": { "line": 25, "column": 3 }
            },
            "25": {
                "start": { "line": 26, "column": 0 },
                "end": { "line": 26, "column": 89 }
            },
            "26": {
                "start": { "line": 27, "column": 0 },
                "end": { "line": 27, "column": 23 }
            },
            "27": {
                "start": { "line": 28, "column": 0 },
                "end": { "line": 28, "column": 1 }
            },
            "28": {
                "start": { "line": 29, "column": 0 },
                "end": { "line": 29, "column": 34 }
            },
            "29": {
                "start": { "line": 30, "column": 0 },
                "end": { "line": 30, "column": 18 }
            },
            "30": {
                "start": { "line": 31, "column": 0 },
                "end": { "line": 31, "column": 38 }
            },
            "31": {
                "start": { "line": 32, "column": 0 },
                "end": { "line": 32, "column": 3 }
            },
            "32": {
                "start": { "line": 33, "column": 0 },
                "end": { "line": 33, "column": 65 }
            },
            "33": {
                "start": { "line": 34, "column": 0 },
                "end": { "line": 34, "column": 23 }
            },
            "34": {
                "start": { "line": 35, "column": 0 },
                "end": { "line": 35, "column": 1 }
            },
            "35": {
                "start": { "line": 36, "column": 0 },
                "end": { "line": 36, "column": 0 }
            },
            "36": {
                "start": { "line": 37, "column": 0 },
                "end": { "line": 37, "column": 71 }
            }
        },
        "s": {
            "0": 0,
            "1": 0,
            "2": 0,
            "3": 0,
            "4": 0,
            "5": 0,
            "6": 0,
            "7": 0,
            "8": 0,
            "9": 0,
            "10": 0,
            "11": 0,
            "12": 0,
            "13": 0,
            "14": 0,
            "15": 0,
            "16": 0,
            "17": 0,
            "18": 0,
            "19": 0,
            "20": 0,
            "21": 0,
            "22": 0,
            "23": 0,
            "24": 0,
            "25": 0,
            "26": 0,
            "27": 0,
            "28": 0,
            "29": 0,
            "30": 0,
            "31": 0,
            "32": 0,
            "33": 0,
            "34": 0,
            "35": 0,
            "36": 0
        },
        "branchMap": {
            "0": {
                "type": "branch",
                "line": 1,
                "loc": {
                    "start": { "line": 1, "column": 0 },
                    "end": { "line": 37, "column": -69 }
                },
                "locations": [
                    {
                        "start": { "line": 1, "column": 0 },
                        "end": { "line": 37, "column": -69 }
                    }
                ]
            }
        },
        "b": { "0": [0] },
        "fnMap": {
            "0": {
                "name": "(empty-report)",
                "decl": {
                    "start": { "line": 1, "column": 0 },
                    "end": { "line": 37, "column": -69 }
                },
                "loc": {
                    "start": { "line": 1, "column": 0 },
                    "end": { "line": 37, "column": -69 }
                },
                "line": 1
            }
        },
        "f": { "0": 0 }
    },
    "C:\\Users\\Melike\\source\\Web Development\\Fullstackopen\\part5\\BlogListFrontEnd\\src\\services\\login.js": {
        "path": "C:\\Users\\Melike\\source\\Web Development\\Fullstackopen\\part5\\BlogListFrontEnd\\src\\services\\login.js",
        "all": true,
        "statementMap": {
            "0": {
                "start": { "line": 1, "column": 0 },
                "end": { "line": 1, "column": 25 }
            },
            "1": {
                "start": { "line": 2, "column": 0 },
                "end": { "line": 2, "column": 28 }
            },
            "2": {
                "start": { "line": 3, "column": 0 },
                "end": { "line": 3, "column": 0 }
            },
            "3": {
                "start": { "line": 4, "column": 0 },
                "end": { "line": 4, "column": 0 }
            },
            "4": {
                "start": { "line": 5, "column": 0 },
                "end": { "line": 5, "column": 36 }
            },
            "5": {
                "start": { "line": 6, "column": 0 },
                "end": { "line": 6, "column": 28 }
            },
            "6": {
                "start": { "line": 7, "column": 0 },
                "end": { "line": 7, "column": 57 }
            },
            "7": {
                "start": { "line": 8, "column": 0 },
                "end": { "line": 8, "column": 23 }
            },
            "8": {
                "start": { "line": 9, "column": 0 },
                "end": { "line": 9, "column": 22 }
            },
            "9": {
                "start": { "line": 10, "column": 0 },
                "end": { "line": 10, "column": 1 }
            },
            "10": {
                "start": { "line": 11, "column": 0 },
                "end": { "line": 11, "column": 0 }
            },
            "11": {
                "start": { "line": 12, "column": 0 },
                "end": { "line": 12, "column": 24 }
            }
        },
        "s": {
            "0": 0,
            "1": 0,
            "2": 0,
            "3": 0,
            "4": 0,
            "5": 0,
            "6": 0,
            "7": 0,
            "8": 0,
            "9": 0,
            "10": 0,
            "11": 0
        },
        "branchMap": {
            "0": {
                "type": "branch",
                "line": 1,
                "loc": {
                    "start": { "line": 1, "column": 0 },
                    "end": { "line": 12, "column": -65 }
                },
                "locations": [
                    {
                        "start": { "line": 1, "column": 0 },
                        "end": { "line": 12, "column": -65 }
                    }
                ]
            }
        },
        "b": { "0": [0] },
        "fnMap": {
            "0": {
                "name": "(empty-report)",
                "decl": {
                    "start": { "line": 1, "column": 0 },
                    "end": { "line": 12, "column": -65 }
                },
                "loc": {
                    "start": { "line": 1, "column": 0 },
                    "end": { "line": 12, "column": -65 }
                },
                "line": 1
            }
        },
        "f": { "0": 0 }
    }
}
